Determining if the pthread_create exist failed with the following output:
Change Dir: /home/huro/catkin_ws/build/CMakeFiles/CMakeTmp

Run Build Command:"/usr/bin/make" "cmTC_432b9/fast"
/usr/bin/make -f CMakeFiles/cmTC_432b9.dir/build.make CMakeFiles/cmTC_432b9.dir/build
make[1]: se entra en el directorio '/home/huro/catkin_ws/build/CMakeFiles/CMakeTmp'
Building C object CMakeFiles/cmTC_432b9.dir/CheckSymbolExists.c.o
/usr/bin/cc     -o CMakeFiles/cmTC_432b9.dir/CheckSymbolExists.c.o   -c /home/huro/catkin_ws/build/CMakeFiles/CMakeTmp/CheckSymbolExists.c
Linking C executable cmTC_432b9
/usr/bin/cmake -E cmake_link_script CMakeFiles/cmTC_432b9.dir/link.txt --verbose=1
/usr/bin/cc       CMakeFiles/cmTC_432b9.dir/CheckSymbolExists.c.o  -o cmTC_432b9 -rdynamic 
CMakeFiles/cmTC_432b9.dir/CheckSymbolExists.c.o: En la funci√≥n `main':
CheckSymbolExists.c:(.text+0x16): referencia a `pthread_create' sin definir
collect2: error: ld returned 1 exit status
CMakeFiles/cmTC_432b9.dir/build.make:97: fallo en las instrucciones para el objetivo 'cmTC_432b9'
make[1]: *** [cmTC_432b9] Error 1
make[1]: se sale del directorio '/home/huro/catkin_ws/build/CMakeFiles/CMakeTmp'
Makefile:126: fallo en las instrucciones para el objetivo 'cmTC_432b9/fast'
make: *** [cmTC_432b9/fast] Error 2

File /home/huro/catkin_ws/build/CMakeFiles/CMakeTmp/CheckSymbolExists.c:
/* */
#include <pthread.h>

int main(int argc, char** argv)
{
  (void)argv;
#ifndef pthread_create
  return ((int*)(&pthread_create))[argc];
#else
  (void)argc;
  return 0;
#endif
}

Determining if the function pthread_create exists in the pthreads failed with the following output:
Change Dir: /home/huro/catkin_ws/build/CMakeFiles/CMakeTmp

Run Build Command:"/usr/bin/make" "cmTC_ca88f/fast"
/usr/bin/make -f CMakeFiles/cmTC_ca88f.dir/build.make CMakeFiles/cmTC_ca88f.dir/build
make[1]: se entra en el directorio '/home/huro/catkin_ws/build/CMakeFiles/CMakeTmp'
Building C object CMakeFiles/cmTC_ca88f.dir/CheckFunctionExists.c.o
/usr/bin/cc    -DCHECK_FUNCTION_EXISTS=pthread_create   -o CMakeFiles/cmTC_ca88f.dir/CheckFunctionExists.c.o   -c /usr/share/cmake-3.5/Modules/CheckFunctionExists.c
Linking C executable cmTC_ca88f
/usr/bin/cmake -E cmake_link_script CMakeFiles/cmTC_ca88f.dir/link.txt --verbose=1
/usr/bin/cc   -DCHECK_FUNCTION_EXISTS=pthread_create    CMakeFiles/cmTC_ca88f.dir/CheckFunctionExists.c.o  -o cmTC_ca88f -rdynamic -lpthreads 
/usr/bin/ld: no se puede encontrar -lpthreads
collect2: error: ld returned 1 exit status
CMakeFiles/cmTC_ca88f.dir/build.make:97: fallo en las instrucciones para el objetivo 'cmTC_ca88f'
make[1]: *** [cmTC_ca88f] Error 1
make[1]: se sale del directorio '/home/huro/catkin_ws/build/CMakeFiles/CMakeTmp'
Makefile:126: fallo en las instrucciones para el objetivo 'cmTC_ca88f/fast'
make: *** [cmTC_ca88f/fast] Error 2


